<?xml version="1.0" encoding="UTF-8"?>
<testsuite name="service.daos.CategoryDaoTest" tests="3" skipped="0" failures="0" errors="0" timestamp="2021-01-28T08:25:36" hostname="192.168.0.156" time="1.926">
  <properties/>
  <testcase name="getCategoryList_withEmptyParentIds_returnAllCategory" classname="service.daos.CategoryDaoTest" time="1.558"/>
  <testcase name="getCategoryList_withListOfParentUUID_returnCategory" classname="service.daos.CategoryDaoTest" time="0.163"/>
  <testcase name="getCategory_withUUId_returnCategory" classname="service.daos.CategoryDaoTest" time="0.204"/>
  <system-out><![CDATA[[EL Warning]: metadata: 2021-01-28 16:25:37.321--ServerSession(1342227089)--You have specified multiple ids for the entity class [service.entities.Product] without specifying an @IdClass. By doing this you may lose the ability to find by identity, distributed cache support etc. Note: You may however use EntityManager find operations by passing a list of primary key fields. Else, you will have to use JPQL queries to read your entities. For other id options see @PrimaryKey.
[EL Warning]: metadata: 2021-01-28 16:25:37.332--ServerSession(1342227089)--You have specified multiple ids for the entity class [service.entities.VariantOption] without specifying an @IdClass. By doing this you may lose the ability to find by identity, distributed cache support etc. Note: You may however use EntityManager find operations by passing a list of primary key fields. Else, you will have to use JPQL queries to read your entities. For other id options see @PrimaryKey.
[EL Warning]: metadata: 2021-01-28 16:25:37.333--ServerSession(1342227089)--You have specified multiple ids for the entity class [service.entities.Category] without specifying an @IdClass. By doing this you may lose the ability to find by identity, distributed cache support etc. Note: You may however use EntityManager find operations by passing a list of primary key fields. Else, you will have to use JPQL queries to read your entities. For other id options see @PrimaryKey.
[EL Warning]: metadata: 2021-01-28 16:25:37.339--ServerSession(1342227089)--You have specified multiple ids for the entity class [service.entities.ProductVariant] without specifying an @IdClass. By doing this you may lose the ability to find by identity, distributed cache support etc. Note: You may however use EntityManager find operations by passing a list of primary key fields. Else, you will have to use JPQL queries to read your entities. For other id options see @PrimaryKey.
[EL Warning]: metadata: 2021-01-28 16:25:37.344--ServerSession(1342227089)--You have specified multiple ids for the entity class [service.entities.VariantPropertyTx] without specifying an @IdClass. By doing this you may lose the ability to find by identity, distributed cache support etc. Note: You may however use EntityManager find operations by passing a list of primary key fields. Else, you will have to use JPQL queries to read your entities. For other id options see @PrimaryKey.
[EL Warning]: metadata: 2021-01-28 16:25:37.346--ServerSession(1342227089)--You have specified multiple ids for the entity class [service.entities.VariantOptionTx] without specifying an @IdClass. By doing this you may lose the ability to find by identity, distributed cache support etc. Note: You may however use EntityManager find operations by passing a list of primary key fields. Else, you will have to use JPQL queries to read your entities. For other id options see @PrimaryKey.
[EL Warning]: metadata: 2021-01-28 16:25:37.348--ServerSession(1342227089)--You have specified multiple ids for the entity class [service.entities.VariantImage] without specifying an @IdClass. By doing this you may lose the ability to find by identity, distributed cache support etc. Note: You may however use EntityManager find operations by passing a list of primary key fields. Else, you will have to use JPQL queries to read your entities. For other id options see @PrimaryKey.
[EL Warning]: metadata: 2021-01-28 16:25:37.349--ServerSession(1342227089)--You have specified multiple ids for the entity class [service.entities.VariantProperty] without specifying an @IdClass. By doing this you may lose the ability to find by identity, distributed cache support etc. Note: You may however use EntityManager find operations by passing a list of primary key fields. Else, you will have to use JPQL queries to read your entities. For other id options see @PrimaryKey.
[EL Info]: 2021-01-28 16:25:37.477--ServerSession(1342227089)--EclipseLink, version: Eclipse Persistence Services - 2.7.3.v20180807-4be1041
[EL Info]: connection: 2021-01-28 16:25:37.779--ServerSession(1342227089)--/file:/Users/faisalrahman/TappRepo/service.product/build/resources/main/_service_product login successful
[EL Warning]: metadata: 2021-01-28 16:25:38.309--ServerSession(1884159700)--You have specified multiple ids for the entity class [service.entities.Product] without specifying an @IdClass. By doing this you may lose the ability to find by identity, distributed cache support etc. Note: You may however use EntityManager find operations by passing a list of primary key fields. Else, you will have to use JPQL queries to read your entities. For other id options see @PrimaryKey.
[EL Warning]: metadata: 2021-01-28 16:25:38.312--ServerSession(1884159700)--You have specified multiple ids for the entity class [service.entities.VariantOption] without specifying an @IdClass. By doing this you may lose the ability to find by identity, distributed cache support etc. Note: You may however use EntityManager find operations by passing a list of primary key fields. Else, you will have to use JPQL queries to read your entities. For other id options see @PrimaryKey.
[EL Warning]: metadata: 2021-01-28 16:25:38.313--ServerSession(1884159700)--You have specified multiple ids for the entity class [service.entities.Category] without specifying an @IdClass. By doing this you may lose the ability to find by identity, distributed cache support etc. Note: You may however use EntityManager find operations by passing a list of primary key fields. Else, you will have to use JPQL queries to read your entities. For other id options see @PrimaryKey.
[EL Warning]: metadata: 2021-01-28 16:25:38.315--ServerSession(1884159700)--You have specified multiple ids for the entity class [service.entities.ProductVariant] without specifying an @IdClass. By doing this you may lose the ability to find by identity, distributed cache support etc. Note: You may however use EntityManager find operations by passing a list of primary key fields. Else, you will have to use JPQL queries to read your entities. For other id options see @PrimaryKey.
[EL Warning]: metadata: 2021-01-28 16:25:38.316--ServerSession(1884159700)--You have specified multiple ids for the entity class [service.entities.VariantPropertyTx] without specifying an @IdClass. By doing this you may lose the ability to find by identity, distributed cache support etc. Note: You may however use EntityManager find operations by passing a list of primary key fields. Else, you will have to use JPQL queries to read your entities. For other id options see @PrimaryKey.
[EL Warning]: metadata: 2021-01-28 16:25:38.318--ServerSession(1884159700)--You have specified multiple ids for the entity class [service.entities.VariantOptionTx] without specifying an @IdClass. By doing this you may lose the ability to find by identity, distributed cache support etc. Note: You may however use EntityManager find operations by passing a list of primary key fields. Else, you will have to use JPQL queries to read your entities. For other id options see @PrimaryKey.
[EL Warning]: metadata: 2021-01-28 16:25:38.319--ServerSession(1884159700)--You have specified multiple ids for the entity class [service.entities.VariantImage] without specifying an @IdClass. By doing this you may lose the ability to find by identity, distributed cache support etc. Note: You may however use EntityManager find operations by passing a list of primary key fields. Else, you will have to use JPQL queries to read your entities. For other id options see @PrimaryKey.
[EL Warning]: metadata: 2021-01-28 16:25:38.322--ServerSession(1884159700)--You have specified multiple ids for the entity class [service.entities.VariantProperty] without specifying an @IdClass. By doing this you may lose the ability to find by identity, distributed cache support etc. Note: You may however use EntityManager find operations by passing a list of primary key fields. Else, you will have to use JPQL queries to read your entities. For other id options see @PrimaryKey.
[EL Info]: 2021-01-28 16:25:38.336--ServerSession(1884159700)--EclipseLink, version: Eclipse Persistence Services - 2.7.3.v20180807-4be1041
[EL Info]: connection: 2021-01-28 16:25:38.405--ServerSession(1884159700)--/file:/Users/faisalrahman/TappRepo/service.product/build/resources/test/_service_product login successful
]]></system-out>
  <system-err><![CDATA[]]></system-err>
</testsuite>
