<?xml version="1.0" encoding="UTF-8"?>
<testsuite name="service.daos.VariantOptionDaoTest" tests="1" skipped="0" failures="0" errors="0" timestamp="2021-01-28T08:25:38" hostname="192.168.0.156" time="0.292">
  <properties/>
  <testcase name="getVariantOptions_WithProductVariantId_returnListVariantOption" classname="service.daos.VariantOptionDaoTest" time="0.292"/>
  <system-out><![CDATA[[EL Warning]: metadata: 2021-01-28 16:25:38.903--ServerSession(915164935)--You have specified multiple ids for the entity class [service.entities.Product] without specifying an @IdClass. By doing this you may lose the ability to find by identity, distributed cache support etc. Note: You may however use EntityManager find operations by passing a list of primary key fields. Else, you will have to use JPQL queries to read your entities. For other id options see @PrimaryKey.
[EL Warning]: metadata: 2021-01-28 16:25:38.905--ServerSession(915164935)--You have specified multiple ids for the entity class [service.entities.VariantOption] without specifying an @IdClass. By doing this you may lose the ability to find by identity, distributed cache support etc. Note: You may however use EntityManager find operations by passing a list of primary key fields. Else, you will have to use JPQL queries to read your entities. For other id options see @PrimaryKey.
[EL Warning]: metadata: 2021-01-28 16:25:38.906--ServerSession(915164935)--You have specified multiple ids for the entity class [service.entities.Category] without specifying an @IdClass. By doing this you may lose the ability to find by identity, distributed cache support etc. Note: You may however use EntityManager find operations by passing a list of primary key fields. Else, you will have to use JPQL queries to read your entities. For other id options see @PrimaryKey.
[EL Warning]: metadata: 2021-01-28 16:25:38.908--ServerSession(915164935)--You have specified multiple ids for the entity class [service.entities.ProductVariant] without specifying an @IdClass. By doing this you may lose the ability to find by identity, distributed cache support etc. Note: You may however use EntityManager find operations by passing a list of primary key fields. Else, you will have to use JPQL queries to read your entities. For other id options see @PrimaryKey.
[EL Warning]: metadata: 2021-01-28 16:25:38.91--ServerSession(915164935)--You have specified multiple ids for the entity class [service.entities.VariantPropertyTx] without specifying an @IdClass. By doing this you may lose the ability to find by identity, distributed cache support etc. Note: You may however use EntityManager find operations by passing a list of primary key fields. Else, you will have to use JPQL queries to read your entities. For other id options see @PrimaryKey.
[EL Warning]: metadata: 2021-01-28 16:25:38.911--ServerSession(915164935)--You have specified multiple ids for the entity class [service.entities.VariantOptionTx] without specifying an @IdClass. By doing this you may lose the ability to find by identity, distributed cache support etc. Note: You may however use EntityManager find operations by passing a list of primary key fields. Else, you will have to use JPQL queries to read your entities. For other id options see @PrimaryKey.
[EL Warning]: metadata: 2021-01-28 16:25:38.913--ServerSession(915164935)--You have specified multiple ids for the entity class [service.entities.VariantImage] without specifying an @IdClass. By doing this you may lose the ability to find by identity, distributed cache support etc. Note: You may however use EntityManager find operations by passing a list of primary key fields. Else, you will have to use JPQL queries to read your entities. For other id options see @PrimaryKey.
[EL Warning]: metadata: 2021-01-28 16:25:38.915--ServerSession(915164935)--You have specified multiple ids for the entity class [service.entities.VariantProperty] without specifying an @IdClass. By doing this you may lose the ability to find by identity, distributed cache support etc. Note: You may however use EntityManager find operations by passing a list of primary key fields. Else, you will have to use JPQL queries to read your entities. For other id options see @PrimaryKey.
[EL Info]: 2021-01-28 16:25:38.928--ServerSession(915164935)--EclipseLink, version: Eclipse Persistence Services - 2.7.3.v20180807-4be1041
[EL Info]: connection: 2021-01-28 16:25:38.992--ServerSession(915164935)--/file:/Users/faisalrahman/TappRepo/service.product/build/resources/main/_service_product login successful
]]></system-out>
  <system-err><![CDATA[]]></system-err>
</testsuite>
