<?xml version="1.0" encoding="UTF-8"?>
<testsuite name="service.daos.VariantPropertyDaoTest" tests="1" skipped="0" failures="0" errors="0" timestamp="2021-01-28T08:25:38" hostname="192.168.0.156" time="0.249">
  <properties/>
  <testcase name="getVariantProperties_WithProductVariantId_ReturnListVariantProperty" classname="service.daos.VariantPropertyDaoTest" time="0.249"/>
  <system-out><![CDATA[]]></system-out>
  <system-err><![CDATA[]]></system-err>
</testsuite>
